
## ---------------------- ##
## Running config.status. ##
## ---------------------- ##

This file was extended by glib config.status 2.46.2, which was
generated by GNU Autoconf 2.69.  Invocation command line was

  CONFIG_FILES    = 
  CONFIG_HEADERS  = 
  CONFIG_LINKS    = 
  CONFIG_COMMANDS = 
  $ ./config.status glib/glibconfig.h

on wanji

config.status:2117: executing glib/glibconfig.h commands
config.status:3344: glib/glibconfig.h is unchanged

## ---------------------- ##
## Running config.status. ##
## ---------------------- ##

This file was extended by glib config.status 2.46.2, which was
generated by GNU Autoconf 2.69.  Invocation command line was

  CONFIG_FILES    = 
  CONFIG_HEADERS  = 
  CONFIG_LINKS    = 
  CONFIG_COMMANDS = 
  $ ./config.status glib/glibconfig.h.win32

on wanji

config.status:1888: creating glib/glibconfig.h.win32
