--------------------
./configure --host=arm-fslc-linux-musl --prefix=/opt/fslc-wayland/2.5.2/sysroots/aarch64-fslc-linux/usr
2020年 07月 09日 星期四 20:01:22 CST
unknown option: --host=arm-fslc-linux-musl
./configure --help for help
** ./configure aborting.
--------------------


--------------------
./configure --prefix=/opt/fslc-wayland/2.5.2/sysroots/aarch64-fslc-linux/usr
2020年 07月 09日 星期四 20:02:58 CST
=== ztest15627.c ===
extern int getchar();
int hello() {return getchar();}
===
aarch64-fslc-linux-gcc --sysroot=/opt/fslc-wayland/2.5.2/sysroots/aarch64-fslc-linux -c ztest15627.c
... using gcc

Checking for obsessive-compulsive compiler options...
=== ztest15627.c ===
int foo() { return 0; }
===
aarch64-fslc-linux-gcc --sysroot=/opt/fslc-wayland/2.5.2/sysroots/aarch64-fslc-linux -c -O2 -pipe -g -feliminate-unused-debug-types ztest15627.c

Checking for shared library support...
=== ztest15627.c ===
extern int getchar();
int hello() {return getchar();}
===
aarch64-fslc-linux-gcc --sysroot=/opt/fslc-wayland/2.5.2/sysroots/aarch64-fslc-linux -w -c -O2 -pipe -g -feliminate-unused-debug-types -fPIC ztest15627.c
aarch64-fslc-linux-gcc --sysroot=/opt/fslc-wayland/2.5.2/sysroots/aarch64-fslc-linux -shared -Wl,-soname,libz.so.1,--version-script,zlib.map -O2 -pipe -g -feliminate-unused-debug-types -fPIC -o ztest15627.so ztest15627.o
Building shared library libz.so.1.2.11 with aarch64-fslc-linux-gcc --sysroot=/opt/fslc-wayland/2.5.2/sysroots/aarch64-fslc-linux.

=== ztest15627.c ===
#include <stdio.h>
#include <stdlib.h>
size_t dummy = 0;
===
aarch64-fslc-linux-gcc --sysroot=/opt/fslc-wayland/2.5.2/sysroots/aarch64-fslc-linux -c -O2 -pipe -g -feliminate-unused-debug-types ztest15627.c
Checking for size_t... Yes.


=== ztest15627.c ===
#include <sys/types.h>
off64_t dummy = 0;
===
aarch64-fslc-linux-gcc --sysroot=/opt/fslc-wayland/2.5.2/sysroots/aarch64-fslc-linux -c -O2 -pipe -g -feliminate-unused-debug-types -D_LARGEFILE64_SOURCE=1 ztest15627.c
Checking for off64_t... Yes.
Checking for fseeko... Yes.

=== ztest15627.c ===
#include <string.h>
#include <errno.h>
int main() { return strlen(strerror(errno)); }
===
aarch64-fslc-linux-gcc --sysroot=/opt/fslc-wayland/2.5.2/sysroots/aarch64-fslc-linux -O2 -pipe -g -feliminate-unused-debug-types -D_LARGEFILE64_SOURCE=1 -o ztest15627 ztest15627.c
Checking for strerror... Yes.

=== ztest15627.c ===
#include <unistd.h>
int main() { return 0; }
===
aarch64-fslc-linux-gcc --sysroot=/opt/fslc-wayland/2.5.2/sysroots/aarch64-fslc-linux -c -O2 -pipe -g -feliminate-unused-debug-types -D_LARGEFILE64_SOURCE=1 ztest15627.c
Checking for unistd.h... Yes.

=== ztest15627.c ===
#include <stdarg.h>
int main() { return 0; }
===
aarch64-fslc-linux-gcc --sysroot=/opt/fslc-wayland/2.5.2/sysroots/aarch64-fslc-linux -c -O2 -pipe -g -feliminate-unused-debug-types -D_LARGEFILE64_SOURCE=1 ztest15627.c
Checking for stdarg.h... Yes.

=== ztest15627.c ===
#include <stdio.h>
#include <stdarg.h>
#include "zconf.h"
int main()
{
#ifndef STDC
  choke me
#endif
  return 0;
}
===
aarch64-fslc-linux-gcc --sysroot=/opt/fslc-wayland/2.5.2/sysroots/aarch64-fslc-linux -c -O2 -pipe -g -feliminate-unused-debug-types -D_LARGEFILE64_SOURCE=1 ztest15627.c
Checking whether to use vs[n]printf() or s[n]printf()... using vs[n]printf().

=== ztest15627.c ===
#include <stdio.h>
#include <stdarg.h>
int mytest(const char *fmt, ...)
{
  char buf[20];
  va_list ap;
  va_start(ap, fmt);
  vsnprintf(buf, sizeof(buf), fmt, ap);
  va_end(ap);
  return 0;
}
int main()
{
  return (mytest("Hello%d\n", 1));
}
===
aarch64-fslc-linux-gcc --sysroot=/opt/fslc-wayland/2.5.2/sysroots/aarch64-fslc-linux -O2 -pipe -g -feliminate-unused-debug-types -D_LARGEFILE64_SOURCE=1 -o ztest15627 ztest15627.c
Checking for vsnprintf() in stdio.h... Yes.

=== ztest15627.c ===
#include <stdio.h>
#include <stdarg.h>
int mytest(const char *fmt, ...)
{
  int n;
  char buf[20];
  va_list ap;
  va_start(ap, fmt);
  n = vsnprintf(buf, sizeof(buf), fmt, ap);
  va_end(ap);
  return n;
}
int main()
{
  return (mytest("Hello%d\n", 1));
}
===
aarch64-fslc-linux-gcc --sysroot=/opt/fslc-wayland/2.5.2/sysroots/aarch64-fslc-linux -c -O2 -pipe -g -feliminate-unused-debug-types -D_LARGEFILE64_SOURCE=1 ztest15627.c
Checking for return value of vsnprintf()... Yes.

=== ztest15627.c ===
#define ZLIB_INTERNAL __attribute__((visibility ("hidden")))
int ZLIB_INTERNAL foo;
int main()
{
  return 0;
}
===
aarch64-fslc-linux-gcc --sysroot=/opt/fslc-wayland/2.5.2/sysroots/aarch64-fslc-linux -c -O2 -pipe -g -feliminate-unused-debug-types -D_LARGEFILE64_SOURCE=1 ztest15627.c
Checking for attribute(visibility) support... Yes.

ALL = static shared all64
AR = aarch64-fslc-linux-ar
ARFLAGS = rc
CC = aarch64-fslc-linux-gcc --sysroot=/opt/fslc-wayland/2.5.2/sysroots/aarch64-fslc-linux
CFLAGS = -O2 -pipe -g -feliminate-unused-debug-types -D_LARGEFILE64_SOURCE=1 -DHAVE_HIDDEN
CPP = aarch64-fslc-linux-gcc -E --sysroot=/opt/fslc-wayland/2.5.2/sysroots/aarch64-fslc-linux
EXE =
LDCONFIG = ldconfig
LDFLAGS = -Wl,-O1 -Wl,--hash-style=gnu -Wl,--as-needed
LDSHARED = aarch64-fslc-linux-gcc --sysroot=/opt/fslc-wayland/2.5.2/sysroots/aarch64-fslc-linux -shared -Wl,-soname,libz.so.1,--version-script,zlib.map
LDSHAREDLIBC = -lc
OBJC = $(OBJZ) $(OBJG)
PIC_OBJC = $(PIC_OBJZ) $(PIC_OBJG)
RANLIB = aarch64-fslc-linux-ranlib
SFLAGS = -O2 -pipe -g -feliminate-unused-debug-types -fPIC -D_LARGEFILE64_SOURCE=1 -DHAVE_HIDDEN
SHAREDLIB = libz.so
SHAREDLIBM = libz.so.1
SHAREDLIBV = libz.so.1.2.11
STATICLIB = libz.a
TEST = all teststatic testshared test64
VER = 1.2.11
Z_U4 =
SRCDIR =
exec_prefix = ${prefix}
includedir = ${prefix}/include
libdir = ${exec_prefix}/lib
mandir = ${prefix}/share/man
prefix = /opt/fslc-wayland/2.5.2/sysroots/aarch64-fslc-linux/usr
sharedlibdir = ${libdir}
uname = Linux
--------------------


